<?xml version="1.0" encoding="UTF-8"?>
<testng-results ignored="0" total="2" passed="2" failed="0" skipped="0">
  <reporter-output>
    <line>
      <![CDATA[Test started which method name is :   verifyInviteUserTestCase]]>
    </line>
    <line>
      <![CDATA[Test Successfully Finished verifyInviteUserTestCase  And  Staus is:  1]]>
    </line>
    <line>
      <![CDATA[Test started which method name is :   verifyInvitedUsersIsInTheListTestCase]]>
    </line>
    <line>
      <![CDATA[Test Successfully Finished verifyInvitedUsersIsInTheListTestCase  And  Staus is:  1]]>
    </line>
  </reporter-output>
  <suite started-at="2023-06-09T11:57:07 IST" name="Suite" finished-at="2023-06-09T11:58:02 IST" duration-ms="55012">
    <groups>
    </groups>
    <test started-at="2023-06-09T11:57:07 IST" name="Test" finished-at="2023-06-09T11:58:02 IST" duration-ms="55012">
      <class name="runner.TestCases">
        <test-method is-config="true" signature="initilization()[pri:0, instance:runner.TestCases@4b86805d]" started-at="2023-06-09T11:57:07 IST" name="initilization" finished-at="2023-06-09T11:57:07 IST" duration-ms="378" status="PASS">
          <reporter-output>
          </reporter-output>
        </test-method> <!-- initilization -->
        <test-method is-config="true" signature="LaunchBrowserAndlogin(java.lang.reflect.Method)[pri:0, instance:runner.TestCases@4b86805d]" started-at="2023-06-09T11:57:07 IST" name="LaunchBrowserAndlogin" finished-at="2023-06-09T11:57:25 IST" duration-ms="17760" status="PASS">
          <params>
            <param index="0">
              <value>
                <![CDATA[public void runner.TestCases.verifyInviteUserTestCase()]]>
              </value>
            </param>
          </params>
          <reporter-output>
          </reporter-output>
        </test-method> <!-- LaunchBrowserAndlogin -->
        <test-method signature="verifyInviteUserTestCase()[pri:1, instance:runner.TestCases@4b86805d]" started-at="2023-06-09T11:57:25 IST" name="verifyInviteUserTestCase" finished-at="2023-06-09T11:57:35 IST" duration-ms="9804" status="PASS">
          <reporter-output>
            <line>
              <![CDATA[Test started which method name is :   verifyInviteUserTestCase]]>
            </line>
            <line>
              <![CDATA[Test Successfully Finished verifyInviteUserTestCase  And  Staus is:  1]]>
            </line>
          </reporter-output>
        </test-method> <!-- verifyInviteUserTestCase -->
        <test-method is-config="true" signature="logOut(org.testng.ITestResult)[pri:0, instance:runner.TestCases@4b86805d]" started-at="2023-06-09T11:57:35 IST" name="logOut" finished-at="2023-06-09T11:57:36 IST" duration-ms="1219" status="PASS">
          <params>
            <param index="0">
              <value>
                <![CDATA[[TestResult name=verifyInviteUserTestCase status=SUCCESS method=TestCases.verifyInviteUserTestCase()[pri:1, instance:runner.TestCases@4b86805d] output=Test started which method name is :   verifyInviteUserTestCase]]]>
              </value>
            </param>
          </params>
          <reporter-output>
          </reporter-output>
        </test-method> <!-- logOut -->
        <test-method is-config="true" signature="LaunchBrowserAndlogin(java.lang.reflect.Method)[pri:0, instance:runner.TestCases@4b86805d]" started-at="2023-06-09T11:57:36 IST" name="LaunchBrowserAndlogin" finished-at="2023-06-09T11:57:52 IST" duration-ms="16130" status="PASS">
          <params>
            <param index="0">
              <value>
                <![CDATA[public void runner.TestCases.verifyInvitedUsersIsInTheListTestCase()]]>
              </value>
            </param>
          </params>
          <reporter-output>
          </reporter-output>
        </test-method> <!-- LaunchBrowserAndlogin -->
        <test-method signature="verifyInvitedUsersIsInTheListTestCase()[pri:2, instance:runner.TestCases@4b86805d]" started-at="2023-06-09T11:57:52 IST" name="verifyInvitedUsersIsInTheListTestCase" finished-at="2023-06-09T11:58:01 IST" duration-ms="9448" status="PASS">
          <reporter-output>
            <line>
              <![CDATA[Test started which method name is :   verifyInvitedUsersIsInTheListTestCase]]>
            </line>
            <line>
              <![CDATA[Test Successfully Finished verifyInvitedUsersIsInTheListTestCase  And  Staus is:  1]]>
            </line>
          </reporter-output>
        </test-method> <!-- verifyInvitedUsersIsInTheListTestCase -->
        <test-method is-config="true" signature="logOut(org.testng.ITestResult)[pri:0, instance:runner.TestCases@4b86805d]" started-at="2023-06-09T11:58:01 IST" name="logOut" finished-at="2023-06-09T11:58:02 IST" duration-ms="591" status="PASS">
          <params>
            <param index="0">
              <value>
                <![CDATA[[TestResult name=verifyInvitedUsersIsInTheListTestCase status=SUCCESS method=TestCases.verifyInvitedUsersIsInTheListTestCase()[pri:2, instance:runner.TestCases@4b86805d] output=Test started which method name is :   verifyInvitedUsersIsInTheListTestCase]]]>
              </value>
            </param>
          </params>
          <reporter-output>
          </reporter-output>
        </test-method> <!-- logOut -->
        <test-method is-config="true" signature="flush()[pri:0, instance:runner.TestCases@4b86805d]" started-at="2023-06-09T11:58:02 IST" name="flush" finished-at="2023-06-09T11:58:02 IST" duration-ms="27" status="PASS">
          <reporter-output>
          </reporter-output>
        </test-method> <!-- flush -->
      </class> <!-- runner.TestCases -->
    </test> <!-- Test -->
  </suite> <!-- Suite -->
</testng-results>
